Using pre-set license
Built from '2020.3/release' branch; Version is '2020.3.1f1 (77a89f25062f) revision 7841951'; Using compiler version '192528614'; Build Type 'Release'
OS: 'Windows 10 Home; OS build 22000.318; Version 2009; 64bit' Language: 'en' Physical Memory: 6091 MB
BatchMode: 1, IsHumanControllingUs: 0, StartBugReporterOnCrash: 0, Is64bit: 1, IsPro: 0

 COMMAND LINE ARGUMENTS:
C:\Program Files\Unity\2020.3.1f1\Editor\Unity.exe
-adb2
-batchMode
-noUpm
-name
AssetImportWorker1
-projectPath
C:/Users/kendr/OneDrive/Desktop/VR-FinalProject/Create-with-VR_2020LTS/VR Room Project
-logFile
Logs/AssetImportWorker1.log
-srvPort
63415
Successfully changed project path to: C:/Users/kendr/OneDrive/Desktop/VR-FinalProject/Create-with-VR_2020LTS/VR Room Project
C:/Users/kendr/OneDrive/Desktop/VR-FinalProject/Create-with-VR_2020LTS/VR Room Project
Using Asset Import Pipeline V2.
Refreshing native plugins compatible for Editor in 165.34 ms, found 8 plugins.
Preloading 1 native plugins for Editor in 2.19 ms.
Initialize engine version: 2020.3.1f1 (77a89f25062f)
[Subsystems] Discovering subsystems at path C:/Program Files/Unity/2020.3.1f1/Editor/Data/Resources/UnitySubsystems
[Subsystems] Discovering subsystems at path C:/Users/kendr/OneDrive/Desktop/VR-FinalProject/Create-with-VR_2020LTS/VR Room Project/Assets
GfxDevice: creating device client; threaded=0
Direct3D:
    Version:  Direct3D 11.0 [level 11.1]
    Renderer: AMD Radeon(TM) Vega 8 Graphics (ID=0x15d8)
    Vendor:   
    VRAM:     3045 MB
    Driver:   27.20.11044.5003
Shader 'Universal Render Pipeline/Particles/Lit': fallback shader 'Universal Render Pipeline/Particles/SimpleLit' not found
Initialize mono
Mono path[0] = 'C:/Program Files/Unity/2020.3.1f1/Editor/Data/Managed'
Mono path[1] = 'C:/Program Files/Unity/2020.3.1f1/Editor/Data/MonoBleedingEdge/lib/mono/unityjit'
Mono config path = 'C:/Program Files/Unity/2020.3.1f1/Editor/Data/MonoBleedingEdge/etc'
Using monoOptions --debugger-agent=transport=dt_socket,embedding=1,server=y,suspend=n,address=127.0.0.1:56684
Begin MonoManager ReloadAssembly
Registering precompiled unity dll's ...
Register platform support module: C:/Program Files/Unity/2020.3.1f1/Editor/Data/PlaybackEngines/WebGLSupport/UnityEditor.WebGL.Extensions.dll
Register platform support module: C:/Program Files/Unity/2020.3.1f1/Editor/Data/PlaybackEngines/WindowsStandaloneSupport/UnityEditor.WindowsStandalone.Extensions.dll
Registered in 0.003065 seconds.
Native extension for WindowsStandalone target not found
Native extension for WebGL target not found
Refreshing native plugins compatible for Editor in 113.38 ms, found 8 plugins.
Preloading 1 native plugins for Editor in 0.16 ms.
Invoked RoslynAnalysisRunner static constructor.
RoslynAnalysisRunner will not be running.
RoslynAnalysisRunner has terminated.
Mono: successfully reloaded assembly
- Completed reload, in  7.349 seconds
Platform modules already initialized, skipping
Registering precompiled user dll's ...
Registered in 0.012776 seconds.
Begin MonoManager ReloadAssembly
Native extension for WindowsStandalone target not found
Native extension for WebGL target not found
Refreshing native plugins compatible for Editor in 78.84 ms, found 8 plugins.
Preloading 1 native plugins for Editor in 0.24 ms.
Invoked RoslynAnalysisRunner static constructor.
RoslynAnalysisRunner will not be running.
RoslynAnalysisRunner has terminated.
[XR] OculusXRPlugin: registering subsystems
[XR] Unable to register display lifecyle provider: [1]
[XR] Oculus Input lifecycle provider registered.
[XR] Unable to register input lifecyle provider: [1]
NullReferenceException: Object reference not set to an instance of an object
  at Unity.XR.Oculus.OculusLoader.AssetPathToAbsolutePath (System.String assetPath) [0x00048] in C:\Users\kendr\OneDrive\Desktop\VR-FinalProject\Create-with-VR_2020LTS\VR Room Project\Library\PackageCache\com.unity.xr.oculus@1.8.1\Runtime\OculusLoader.cs:243 
  at Unity.XR.Oculus.OculusLoader.EditorLoadOVRPlugin () [0x0007b] in C:\Users\kendr\OneDrive\Desktop\VR-FinalProject\Create-with-VR_2020LTS\VR Room Project\Library\PackageCache\com.unity.xr.oculus@1.8.1\Runtime\OculusLoader.cs:228 

(Filename: Library/PackageCache/com.unity.xr.oculus@1.8.1/Runtime/OculusLoader.cs Line: 243)

Mono: successfully reloaded assembly
- Completed reload, in  2.681 seconds
Platform modules already initialized, skipping
========================================================================
Worker process is ready to serve import requests
Shader 'Universal Render Pipeline/Particles/Lit': fallback shader 'Universal Render Pipeline/Particles/SimpleLit' not found
Launched and connected shader compiler UnityShaderCompiler.exe after 0.14 seconds
Refreshing native plugins compatible for Editor in 1.24 ms, found 8 plugins.
Preloading 1 native plugins for Editor in 0.21 ms.
Unloading 3105 Unused Serialized files (Serialized files now loaded: 0)
System memory in use before: 143.4 MB.
System memory in use after: 143.4 MB.

Unloading 26 unused Assets to reduce memory usage. Loaded Objects now: 3541.
Total: 5.934100 ms (FindLiveObjects: 0.571100 ms CreateObjectMapping: 0.159100 ms MarkObjects: 5.068800 ms  DeleteObjects: 0.132800 ms)

========================================================================
Received Import Request.
  path: Assets/XR/XRGeneralSettings.asset
  artifactKey: Guid(d3134b6f939114be9b8d6dbeff42d453) Importer(815301076,1909f56bfc062723c751e8b465ee728b)
Start importing Assets/XR/XRGeneralSettings.asset using Guid(d3134b6f939114be9b8d6dbeff42d453) Importer(815301076,1909f56bfc062723c751e8b465ee728b)  -> (artifact id: '3511ddb4159221caf88ca337a670c9af') in 0.094119 seconds
  Import took 0.105862 seconds .

========================================================================
Received Import Request.
  Time since last request: 0.000464 seconds.
  path: Assets/Scenes/Create_with_VR_Starter_Scene.unity
  artifactKey: Guid(afdcb113ffd5a4353ad88f0dd03743af) Importer(815301076,1909f56bfc062723c751e8b465ee728b)
Start importing Assets/Scenes/Create_with_VR_Starter_Scene.unity using Guid(afdcb113ffd5a4353ad88f0dd03743af) Importer(815301076,1909f56bfc062723c751e8b465ee728b)  -> (artifact id: 'c8a4d2ede868c158e43fcce0b91981d2') in 0.022497 seconds
  Import took 0.035826 seconds .

========================================================================
Received Import Request.
  Time since last request: 24.152361 seconds.
  path: Assets/Settings/UniversalRenderPipelineAsset.asset
  artifactKey: Guid(ca51ab8269d7945dd9bbb86c7c9a4ac6) Importer(815301076,1909f56bfc062723c751e8b465ee728b)
Start importing Assets/Settings/UniversalRenderPipelineAsset.asset using Guid(ca51ab8269d7945dd9bbb86c7c9a4ac6) Importer(815301076,1909f56bfc062723c751e8b465ee728b)  -> (artifact id: '45a1709d49ca7a1a47fadf748ea49e04') in 0.015538 seconds
  Import took 0.024118 seconds .

========================================================================
Received Import Request.
  Time since last request: 0.000381 seconds.
  path: Assets/Settings/UniversalRenderPipelineAsset_Renderer.asset
  artifactKey: Guid(d9e88bdd0f5f0462ebf470d8ea4b285e) Importer(815301076,1909f56bfc062723c751e8b465ee728b)
Start importing Assets/Settings/UniversalRenderPipelineAsset_Renderer.asset using Guid(d9e88bdd0f5f0462ebf470d8ea4b285e) Importer(815301076,1909f56bfc062723c751e8b465ee728b)  -> (artifact id: '691868cef9223e0b046c4f8e0ee7292a') in 0.016509 seconds
  Import took 0.024349 seconds .

========================================================================
Received Import Request.
  Time since last request: 3.265259 seconds.
  path: Assets/Samples/XR Interaction Toolkit
  artifactKey: Guid(883928fc95ced4a13a405c0523474128) Importer(815301076,1909f56bfc062723c751e8b465ee728b)
Start importing Assets/Samples/XR Interaction Toolkit using Guid(883928fc95ced4a13a405c0523474128) Importer(815301076,1909f56bfc062723c751e8b465ee728b)  -> (artifact id: '3fcf574d2d852f8a42a5b1902192c08c') in 0.023177 seconds
  Import took 0.035710 seconds .

========================================================================
Received Import Request.
  Time since last request: 0.698696 seconds.
  path: Assets/Samples/XR Interaction Toolkit/1.0.0-pre.3
  artifactKey: Guid(b5bafc385e6684cfbba5e08a83e2198d) Importer(815301076,1909f56bfc062723c751e8b465ee728b)
Start importing Assets/Samples/XR Interaction Toolkit/1.0.0-pre.3 using Guid(b5bafc385e6684cfbba5e08a83e2198d) Importer(815301076,1909f56bfc062723c751e8b465ee728b)  -> (artifact id: '13a13704459f4cfb039d61e140f33daf') in 0.014478 seconds
  Import took 0.025820 seconds .

========================================================================
Received Import Request.
  Time since last request: 0.871343 seconds.
  path: Assets/Samples/XR Interaction Toolkit/1.0.0-pre.3/XR Device Simulator
  artifactKey: Guid(5c0d9c9cb064045f298e3bd59e3c4621) Importer(815301076,1909f56bfc062723c751e8b465ee728b)
Start importing Assets/Samples/XR Interaction Toolkit/1.0.0-pre.3/XR Device Simulator using Guid(5c0d9c9cb064045f298e3bd59e3c4621) Importer(815301076,1909f56bfc062723c751e8b465ee728b)  -> (artifact id: 'ff74a39cb2aa176667b27e0214665996') in 0.039157 seconds
  Import took 0.080203 seconds .

========================================================================
Received Import Request.
  Time since last request: 0.107058 seconds.
  path: Assets/Samples/XR Interaction Toolkit/1.0.0-pre.3/XR Device Simulator/XR Device Simulator Controls.inputactions
  artifactKey: Guid(da2b439d1a2de5c46a4f428f8cf4fe19) Importer(815301076,1909f56bfc062723c751e8b465ee728b)
Start importing Assets/Samples/XR Interaction Toolkit/1.0.0-pre.3/XR Device Simulator/XR Device Simulator Controls.inputactions using Guid(da2b439d1a2de5c46a4f428f8cf4fe19) Importer(815301076,1909f56bfc062723c751e8b465ee728b)  -> (artifact id: '1de018500e739e53d00708782a5be7b7') in 0.080208 seconds
  Import took 0.095042 seconds .

========================================================================
Received Import Request.
  Time since last request: 0.000369 seconds.
  path: Assets/Samples/XR Interaction Toolkit/1.0.0-pre.3/XR Device Simulator/XR Device Simulator.prefab
  artifactKey: Guid(9f5a24a380916d14db9775daab4fe333) Importer(815301076,1909f56bfc062723c751e8b465ee728b)
Start importing Assets/Samples/XR Interaction Toolkit/1.0.0-pre.3/XR Device Simulator/XR Device Simulator.prefab using Guid(9f5a24a380916d14db9775daab4fe333) Importer(815301076,1909f56bfc062723c751e8b465ee728b)  -> (artifact id: 'a72ea5c6e001454722c03becf338e139') in 0.074059 seconds
  Import took 0.086669 seconds .

========================================================================
Received Prepare
Registering precompiled user dll's ...
Registered in 0.032022 seconds.
Begin MonoManager ReloadAssembly
Native extension for WindowsStandalone target not found
Native extension for WebGL target not found
Refreshing native plugins compatible for Editor in 1.39 ms, found 8 plugins.
Preloading 1 native plugins for Editor in 0.17 ms.
Invoked RoslynAnalysisRunner static constructor.
RoslynAnalysisRunner will not be running.
RoslynAnalysisRunner has terminated.
NullReferenceException: Object reference not set to an instance of an object
  at Unity.XR.Oculus.OculusLoader.AssetPathToAbsolutePath (System.String assetPath) [0x00048] in C:\Users\kendr\OneDrive\Desktop\VR-FinalProject\Create-with-VR_2020LTS\VR Room Project\Library\PackageCache\com.unity.xr.oculus@1.8.1\Runtime\OculusLoader.cs:243 
  at Unity.XR.Oculus.OculusLoader.EditorLoadOVRPlugin () [0x0007b] in C:\Users\kendr\OneDrive\Desktop\VR-FinalProject\Create-with-VR_2020LTS\VR Room Project\Library\PackageCache\com.unity.xr.oculus@1.8.1\Runtime\OculusLoader.cs:228 

(Filename: Library/PackageCache/com.unity.xr.oculus@1.8.1/Runtime/OculusLoader.cs Line: 243)

Mono: successfully reloaded assembly
- Completed reload, in  1.607 seconds
Platform modules already initialized, skipping
Shader 'Universal Render Pipeline/Particles/Lit': fallback shader 'Universal Render Pipeline/Particles/SimpleLit' not found
Refreshing native plugins compatible for Editor in 1.14 ms, found 8 plugins.
Preloading 1 native plugins for Editor in 0.12 ms.
Unloading 2968 Unused Serialized files (Serialized files now loaded: 0)
System memory in use before: 135.7 MB.
System memory in use after: 136.0 MB.

Unloading 19 unused Assets to reduce memory usage. Loaded Objects now: 3547.
Total: 4.283200 ms (FindLiveObjects: 0.572100 ms CreateObjectMapping: 0.183300 ms MarkObjects: 3.493000 ms  DeleteObjects: 0.032400 ms)

